make.exe all --print-data-base --no-builtin-variables --no-builtin-rules --question
# GNU Make 3.81
# Copyright (C) 2006  Free Software Foundation, Inc.
# This is free software; see the source for copying conditions.
# There is NO warranty; not even for MERCHANTABILITY or FITNESS FOR A
# PARTICULAR PURPOSE.

# This program built for i386-pc-mingw32
 

# Make data base, printed on Tue Jun 21 20:45:19 2022

# Variables

# automatic
<D = $(patsubst %/,%,$(dir $<))
# automatic
?F = $(notdir $?)
# makefile (from `makefile', line 31)
SRC = $(MAIN_APP).c 
# makefile
MAKEFLAGS = Rrqp
# environment
VSCODE_LOG_NATIVE = false
# makefile (from `makefile', line 2)
MAIN_APP = test
# automatic
?D = $(patsubst %/,%,$(dir $?))
# environment
PLATFORMIO_IDE = 2.4.3
# automatic
@D = $(patsubst %/,%,$(dir $@))
# environment
HOMEDRIVE = C:
# automatic
@F = $(notdir $@)
# automatic
^D = $(patsubst %/,%,$(dir $^))
# makefile
CURDIR := c:/Users/sebas/Documents/VScode/School/Buck
# default
SHELL := C:/WinAVR-20100110/utils/bin/sh.exe
# environment
WINDIR = C:\Windows
# environment
VSCODE_NLS_CONFIG = {"locale":"en","availableLanguages":{},"_languagePackSupport":true}
# makefile (from `makefile', line 12)
CFLAGS = -g -Os -o
# environment
ONEDRIVE = C:\Users\sebas\OneDrive - Danmarks Tekniske Universitet
# environment
PATHEXT = .COM;.EXE;.BAT;.CMD;.VBS;.VBE;.JS;.JSE;.WSF;.WSH;.MSC
# makefile (from `makefile', line 1)
MAKEFILE_LIST :=  makefile
# environment
FPS_BROWSER_USER_PROFILE_STRING = Default
# environment
TMP = C:\Users\sebas\AppData\Local\Temp
# environment
VSCODE_VERBOSE_LOGGING = true
# environment
PROGRAMW6432 = C:\Program Files
# environment
PROGRAMDATA = C:\ProgramData
# environment
VSCODE_IPC_HOOK_EXTHOST = \\.\pipe\vscode-ipc-d0e0e0b8-aa38-455f-9421-f672aa0aa609-sock
# environment
VSCODE_CWD = C:\Users\sebas\AppData\Local\Programs\Microsoft VS Code
# makefile (from `makefile', line 4)
MAIN_HEX_PATH = C:\Users\sebas\Documents\VScode\School\Buck\$(MAIN_APP).hex
# environment
NO_PROXY = 127.0.0.1
# environment
COMMONPROGRAMW6432 = C:\Program Files\Common Files
# environment
ZES_ENABLE_SYSMAN = 1
# environment
PROCESSOR_ARCHITECTURE = x86
# environment
USERPROFILE = C:\Users\sebas
# environment
ALLUSERSPROFILE = C:\ProgramData
# makefile (from `makefile', line 9)
AVRDUDE := C:\wiring-0101-windows\tools\avr\bin\avrdude
# environment
VSCODE_LOG_STACK = false
# environment
NUMBER_OF_PROCESSORS = 4
# environment
ELECTRON_RUN_AS_NODE = 1
# default
.FEATURES := target-specific order-only second-expansion else-if archives
# automatic
%F = $(notdir $%)
# environment
CHROME_CRASHPAD_PIPE_NAME = \\.\pipe\crashpad_7412_GXHISJZBFBGNSAHV
# makefile (from `makefile', line 18)
HFLAGS = -j .text -j .data -O ihex
# environment
VSCODE_PIPE_LOGGING = true
# environment
COMPUTERNAME = DESKTOP-AOR6CAJ
# environment
PROGRAMFILES = C:\Program Files (x86)
# environment
DRIVERDATA = C:\Windows\System32\Drivers\DriverData
# environment
ORIGINAL_XDG_CURRENT_DESKTOP = undefined
# environment
AVR32_HOME = C:\WinAVR-20100110
# environment
USERNAME = sebas
# environment
PUBLIC = C:\Users\Public
# environment
VSCODE_AMD_ENTRYPOINT = vs/workbench/api/node/extensionHostProcess
# environment
VSCODE_CODE_CACHE_PATH = C:\Users\sebas\AppData\Roaming\Code\CachedData\30d9c6cd9483b2cc586687151bcbcd635f373630
# environment
APPLICATION_INSIGHTS_NO_DIAGNOSTIC_CHANNEL = true
# environment
COMMONPROGRAMFILES = C:\Program Files (x86)\Common Files
# environment
LOGONSERVER = \\DESKTOP-AOR6CAJ
# environment
ONEDRIVECONSUMER = C:\Users\sebas\OneDrive
# environment
VSCODE_HANDLES_UNCAUGHT_ERRORS = true
# environment
USERDOMAIN = DESKTOP-AOR6CAJ
# environment
PLATFORMIO_PATH = C:\Users\sebas\.platformio\penv\Scripts;C:\Users\sebas\.platformio\penv;C:\Users\sebas\.platformio\python3;C:\WinAVR-20100110\bin;C:\WinAVR-20100110\utils\bin;C:\Program Files (x86)\Common Files\Oracle\Java\javapath;C:\Windows\system32;C:\Windows;C:\Windows\System32\Wbem;C:\Windows\System32\WindowsPowerShell\v1.0\;C:\Windows\System32\OpenSSH\;C:\Program Files\Git\cmd;C:\Program Files\Java\jdk-17.0.2\bin;C:\Program Files\MATLAB\R2021b\bin;C:\Program Files\TortoiseSVN\bin;C:\MinGW\bin;C:\wiring-0101-windows\tools\Mangler\;C:\Program Files\Microchip\xc8\v2.35\bin;C:\wiring-0101-windows\tools\avr\bin;C:\Program Files\PuTTY\;C:\Program Files\Docker\Docker\resources\bin;C:\ProgramData\DockerDesktop\version-bin;C:\Program Files\dotnet\;C:\Users\sebas\AppData\Local\Programs\Python\Python310\Scripts\;C:\Users\sebas\AppData\Local\Programs\Python\Python310\;C:\Users\sebas\AppData\Local\Microsoft\WindowsApps;C:\Users\sebas\AppData\Local\Programs\Microsoft VS Code\bin;C:\WinAVR-20100110\bin;C:\WinAVR-20100110\utils\bin;C:\Program Files (x86)\Common Files\Oracle\Java\javapath;C:\Windows\system32;C:\Windows;C:\Windows\System32\Wbem;C:\Windows\System32\WindowsPowerShell\v1.0\;C:\Windows\System32\OpenSSH\;C:\Program Files\Git\cmd;C:\Program Files\Java\jdk-17.0.2\bin;C:\Program Files\MATLAB\R2021b\bin;C:\Program Files\TortoiseSVN\bin;C:\MinGW\bin;C:\wiring-0101-windows\tools\Mangler\;C:\Program Files\Microchip\xc8\v2.35\bin;C:\wiring-0101-windows\tools\avr\bin;C:\Program Files\PuTTY\;C:\Program Files\Docker\Docker\resources\bin;C:\ProgramData\DockerDesktop\version-bin;C:\Program Files\dotnet\;C:\Users\sebas\AppData\Local\Programs\Python\Python310\Scripts\;C:\Users\sebas\AppData\Local\Programs\Python\Python310\;C:\Users\sebas\AppData\Local\Microsoft\WindowsApps;C:\Users\sebas\AppData\ 
make.exe: *** No rule to make target `all'.  Stop.

Local\Programs\Microsoft VS Code\bin
# default
MAKE = $(MAKE_COMMAND)
# default
MAKECMDGOALS := all
# environment
PATH = C:\WinAVR-20100110\bin;C:\WinAVR-20100110\utils\bin;C:\Program Files (x86)\Common Files\Oracle\Java\javapath;C:\Windows\system32;C:\Windows;C:\Windows\System32\Wbem;C:\Windows\System32\WindowsPowerShell\v1.0\;C:\Windows\System32\OpenSSH\;C:\Program Files\Git\cmd;C:\Program Files\Java\jdk-17.0.2\bin;C:\Program Files\MATLAB\R2021b\bin;C:\Program Files\TortoiseSVN\bin;C:\MinGW\bin;C:\wiring-0101-windows\tools\Mangler\;C:\Program Files\Microchip\xc8\v2.35\bin;C:\wiring-0101-windows\tools\avr\bin;C:\Program Files\PuTTY\;C:\Program Files\Docker\Docker\resources\bin;C:\ProgramData\DockerDesktop\version-bin;C:\Program Files\dotnet\;C:\Users\sebas\AppData\Local\Programs\Python\Python310\Scripts\;C:\Users\sebas\AppData\Local\Programs\Python\Python310\;C:\Users\sebas\AppData\Local\Microsoft\WindowsApps;C:\Users\sebas\AppData\Local\Programs\Microsoft VS Code\bin
# makefile (from `makefile', line 7)
CC = C:\wiring-0101-windows\tools\avr\bin\avr-gcc
# environment
ONEDRIVECOMMERCIAL = C:\Users\sebas\OneDrive - Danmarks Tekniske Universitet
# default
MAKE_VERSION := 3.81
# makefile
.DEFAULT_GOAL := Burn
# makefile (from `makefile', line 39)
INCLUDE = -I. C:\Users\sebas\Documents\VScode\School\Buck\includes\PWM.c C:\Users\sebas\Documents\VScode\School\Buck\includes\ADC.c C:\Users\sebas\Documents\VScode\School\Buck\includes\timer.c C:\Users\sebas\Documents\VScode\School\Buck\includes\PID.c
# environment
PROGRAMFILES(X86) = C:\Program Files (x86)
# automatic
%D = $(patsubst %/,%,$(dir $%))
# makefile (from `makefile', line 15)
LFLAGS = -Os -mmcu=atmega2560 -o
# environment
LOCALAPPDATA = C:\Users\sebas\AppData\Local
# environment
PSMODULEPATH = C:\Program Files\WindowsPowerShell\Modules;C:\Windows\system32\WindowsPowerShell\v1.0\Modules
# default
MAKE_COMMAND := make.exe
# environment
PROCESSOR_ARCHITEW6432 = AMD64
# default
.VARIABLES := 
# automatic
*F = $(notdir $*)
# environment
PROCESSOR_IDENTIFIER = Intel64 Family 6 Model 94 Stepping 3, GenuineIntel
# environment
OS = Windows_NT
# environment
VSCODE_IPC_HOOK = \\.\pipe\56448aca5508db58d8f3fce9b86e4215-1.68.1-main-sock
# environment
HOMEPATH = \Users\sebas
# environment
COMMONPROGRAMFILES(X86) = C:\Program Files (x86)\Common Files
# environment
PROMPT = $P$G
# environment
MFLAGS = -Rrqp
# automatic
*D = $(patsubst %/,%,$(dir $*))
# environment
SYSTEMROOT = C:\Windows
# automatic
+D = $(patsubst %/,%,$(dir $+))
# automatic
+F = $(notdir $+)
# environment
APPDATA = C:\Users\sebas\AppData\Roaming
# environment
TEMP = C:\Users\sebas\AppData\Local\Temp
# environment
COMSPEC = C:\Windows\system32\cmd.exe
# makefile (from `makefile', line 27)
DUDEFLAGS = -cwiring -pm2560 -PCOM13  -b115200  -D -Uflash:w:$(MAIN_HEX_PATH):i
# default
MAKEFILES := 
# automatic
<F = $(notdir $<)
# environment
PLATFORMIO_CALLER = vscode
# environment
LC_ALL = C
# automatic
^F = $(notdir $^)
# makefile (from `makefile', line 8)
OBJCOPY = avr-objcopy.exe
# default
SUFFIXES := 
# environment
SYSTEMDRIVE = C:
# environment
SESSIONNAME = Console
# environment
PROCESSOR_REVISION = 5e03
# environment
MAKELEVEL := 0
# environment
LANG = C
# environment
PROCESSOR_LEVEL = 6
# environment
FPS_BROWSER_APP_PROFILE_STRING = Internet Explorer
# environment
VSCODE_PID = 7412
# environment
USERDOMAIN_ROAMINGPROFILE = DESKTOP-AOR6CAJ
# variable set hash-table stats:
# Load=107/1024=10%, Rehash=0, Collisions=33/152=22%

# Pattern-specific Variable Values

# No pattern-specific variable values.

# Directories

# . (key c:/Users/sebas/Documents/VScode/School/Buck, mtime 1655837077): 8 files, no impossibilities.
# C:\WinAVR-20100110\bin (key C:/WinAVR-20100110/bin, mtime 1646937450): 75 files, no impossibilities.
# C:\WinAVR-20100110\utils\bin (key C:/WinAVR-20100110/utils/bin, mtime 1646937459): 99 files, no impossibilities so far.

# 182 files, no impossibilities in 3 directories.

# Implicit Rules

# No implicit rules.

# Files

# Not a target:
all:
#  Command-line target.
#  Implicit rule search has been done.
#  File does not exist.
#  File has not been updated.
# variable set hash-table stats:
# Load=0/32=0%, Rehash=0, Collisions=0/0=0%

# Not a target:
.DEFAULT:
#  Implicit rule search has not been done.
#  Modification time never checked.
#  File has not been updated.

test.o: test.c
#  Implicit rule search has not been done.
#  Modification time never checked.
#  File has not been updated.
#  commands to execute (from `makefile', line 56):
	$(CC) $^ $(INCLUDE) $(CFLAGS) $@
	

# Not a target:
makefile:
#  Implicit rule search has been done.
#  Last modified 2022-06-21 20:44:33
#  File has been updated.
#  Successfully updated.
# variable set hash-table stats:
# Load=0/32=0%, Rehash=0, Collisions=0/0=0%

Build: test.elf
#  Implicit rule search has not been done.
#  Modification time never checked.
#  File has not been updated.
#  commands to execute (from `makefile', line 47):
	$(OBJCOPY) $(HFLAGS) $< $(MAIN_APP).hex
	

test.elf: test.o
#  Implicit rule search has not been done.
#  Modification time never checked.
#  File has not been updated.
#  commands to execute (from `makefile', line 53):
	$(CC) $(SRC) $(INCLUDE) $(LFLAGS) $@
	

# Not a target:
.SUFFIXES:
#  Implicit rule search has not been done.
#  Modification time never checked.
#  File has not been updated.

Burn: Build
#  Implicit rule search has not been done.
#  Modification time never checked.
#  File has not been updated.
#  commands to execute (from `makefile', line 44):
	$(AVRDUDE) $(DUDEFLAGS)
	

# Not a target:
test.c:
#  Implicit rule search has not been done.
#  Modification time never checked.
#  File has not been updated.

Clean:
#  Implicit rule search has not been done.
#  Modification time never checked.
#  File has not been updated.
#  commands to execute (from `makefile', line 50):
	@$(RM) -r $(MAIN_APP).elf $(MAIN_APP).hex $(MAIN_APP).o
	

# files hash-table stats:
# Load=10/1024=1%, Rehash=0, Collisions=0/25=0%
# VPATH Search Paths

# No `vpath' search paths.

# No general (`VPATH' variable) search path.

# # of strings in strcache: 1
# # of strcache buffers: 1
# strcache size: total = 4096 / max = 4096 / min = 4096 / avg = 4096
# strcache free: total = 4087 / max = 4087 / min = 4087 / avg = 4087

# Finished Make data base on Tue Jun 21 20:45:19 2022

 
